2024-10-10 15:28:42 0 [Note] Starting MariaDB 10.4.32-MariaDB source revision c4143f909528e3fab0677a28631d10389354c491 as process 12788
2024-10-10 15:28:43 0 [Note] InnoDB: Mutexes and rw_locks use Windows interlocked functions
2024-10-10 15:28:43 0 [Note] InnoDB: Uses event mutexes
2024-10-10 15:28:43 0 [Note] InnoDB: Compressed tables use zlib 1.3
2024-10-10 15:28:43 0 [Note] InnoDB: Number of pools: 1
2024-10-10 15:28:43 0 [Note] InnoDB: Using SSE2 crc32 instructions
2024-10-10 15:28:43 0 [Note] InnoDB: Initializing buffer pool, total size = 16M, instances = 1, chunk size = 16M
2024-10-10 15:28:43 0 [Note] InnoDB: Completed initialization of buffer pool
2024-10-10 15:28:43 0 [Note] InnoDB: Starting crash recovery from checkpoint LSN=300288
2024-10-10 15:28:43 0 [Note] InnoDB: 128 out of 128 rollback segments are active.
2024-10-10 15:28:43 0 [Note] InnoDB: Removed temporary tablespace data file: "ibtmp1"
2024-10-10 15:28:43 0 [Note] InnoDB: Creating shared tablespace for temporary tables
2024-10-10 15:28:43 0 [Note] InnoDB: Setting file 'C:\xampp\mysql\data\ibtmp1' size to 12 MB. Physically writing the file full; Please wait ...
2024-10-10 15:28:43 0 [Note] InnoDB: File 'C:\xampp\mysql\data\ibtmp1' size is now 12 MB.
2024-10-10 15:28:43 0 [Note] InnoDB: Waiting for purge to start
2024-10-10 15:28:43 0 [Note] InnoDB: 10.4.32 started; log sequence number 300297; transaction id 170
2024-10-10 15:28:43 0 [Note] InnoDB: Loading buffer pool(s) from C:\xampp\mysql\data\ib_buffer_pool
2024-10-10 15:28:43 0 [Note] Plugin 'FEEDBACK' is disabled.
2024-10-10 15:28:43 0 [Note] InnoDB: Buffer pool(s) load completed at 241010 15:28:43
2024-10-10 15:28:43 0 [Note] Server socket created on IP: '::'.
2024-10-11  8:23:18 0 [Note] Starting MariaDB 10.4.32-MariaDB source revision c4143f909528e3fab0677a28631d10389354c491 as process 12756
2024-10-11  8:23:18 0 [Note] InnoDB: Mutexes and rw_locks use Windows interlocked functions
2024-10-11  8:23:18 0 [Note] InnoDB: Uses event mutexes
2024-10-11  8:23:18 0 [Note] InnoDB: Compressed tables use zlib 1.3
2024-10-11  8:23:18 0 [Note] InnoDB: Number of pools: 1
2024-10-11  8:23:18 0 [Note] InnoDB: Using SSE2 crc32 instructions
2024-10-11  8:23:18 0 [Note] InnoDB: Initializing buffer pool, total size = 16M, instances = 1, chunk size = 16M
2024-10-11  8:23:18 0 [Note] InnoDB: Completed initialization of buffer pool
2024-10-11  8:23:18 0 [Note] InnoDB: Starting crash recovery from checkpoint LSN=308324
2024-10-11  8:23:18 0 [Note] InnoDB: 128 out of 128 rollback segments are active.
2024-10-11  8:23:18 0 [Note] InnoDB: Removed temporary tablespace data file: "ibtmp1"
2024-10-11  8:23:18 0 [Note] InnoDB: Creating shared tablespace for temporary tables
2024-10-11  8:23:18 0 [Note] InnoDB: Setting file 'C:\xampp\mysql\data\ibtmp1' size to 12 MB. Physically writing the file full; Please wait ...
2024-10-11  8:23:18 0 [Note] InnoDB: File 'C:\xampp\mysql\data\ibtmp1' size is now 12 MB.
2024-10-11  8:23:18 0 [Note] InnoDB: Waiting for purge to start
2024-10-11  8:23:18 0 [Note] InnoDB: 10.4.32 started; log sequence number 308333; transaction id 203
2024-10-11  8:23:18 0 [Note] InnoDB: Loading buffer pool(s) from C:\xampp\mysql\data\ib_buffer_pool
2024-10-11  8:23:18 0 [Note] Plugin 'FEEDBACK' is disabled.
2024-10-11  8:23:18 0 [Note] InnoDB: Buffer pool(s) load completed at 241011  8:23:18
2024-10-11  8:23:18 0 [Note] Server socket created on IP: '::'.
2024-10-11 18:58:15 0 [Note] Starting MariaDB 10.4.32-MariaDB source revision c4143f909528e3fab0677a28631d10389354c491 as process 6972
2024-10-11 18:58:15 0 [Note] InnoDB: Mutexes and rw_locks use Windows interlocked functions
2024-10-11 18:58:15 0 [Note] InnoDB: Uses event mutexes
2024-10-11 18:58:15 0 [Note] InnoDB: Compressed tables use zlib 1.3
2024-10-11 18:58:15 0 [Note] InnoDB: Number of pools: 1
2024-10-11 18:58:15 0 [Note] InnoDB: Using SSE2 crc32 instructions
2024-10-11 18:58:15 0 [Note] InnoDB: Initializing buffer pool, total size = 16M, instances = 1, chunk size = 16M
2024-10-11 18:58:15 0 [Note] InnoDB: Completed initialization of buffer pool
2024-10-11 18:58:15 0 [Note] InnoDB: Starting crash recovery from checkpoint LSN=316547
2024-10-11 18:58:16 0 [Note] InnoDB: 128 out of 128 rollback segments are active.
2024-10-11 18:58:16 0 [Note] InnoDB: Removed temporary tablespace data file: "ibtmp1"
2024-10-11 18:58:16 0 [Note] InnoDB: Creating shared tablespace for temporary tables
2024-10-11 18:58:16 0 [Note] InnoDB: Setting file 'C:\xampp\mysql\data\ibtmp1' size to 12 MB. Physically writing the file full; Please wait ...
2024-10-11 18:58:16 0 [Note] InnoDB: File 'C:\xampp\mysql\data\ibtmp1' size is now 12 MB.
2024-10-11 18:58:16 0 [Note] InnoDB: Waiting for purge to start
2024-10-11 18:58:16 0 [Note] InnoDB: 10.4.32 started; log sequence number 316556; transaction id 230
2024-10-11 18:58:16 0 [Note] InnoDB: Loading buffer pool(s) from C:\xampp\mysql\data\ib_buffer_pool
2024-10-11 18:58:16 0 [Note] Plugin 'FEEDBACK' is disabled.
2024-10-11 18:58:16 0 [Note] InnoDB: Buffer pool(s) load completed at 241011 18:58:16
2024-10-11 18:58:16 0 [Note] Server socket created on IP: '::'.
2024-10-18  5:27:18 0 [Note] Starting MariaDB 10.4.32-MariaDB source revision c4143f909528e3fab0677a28631d10389354c491 as process 13496
2024-10-18  5:27:18 0 [Note] InnoDB: Mutexes and rw_locks use Windows interlocked functions
2024-10-18  5:27:18 0 [Note] InnoDB: Uses event mutexes
2024-10-18  5:27:18 0 [Note] InnoDB: Compressed tables use zlib 1.3
2024-10-18  5:27:18 0 [Note] InnoDB: Number of pools: 1
2024-10-18  5:27:18 0 [Note] InnoDB: Using SSE2 crc32 instructions
2024-10-18  5:27:18 0 [Note] InnoDB: Initializing buffer pool, total size = 16M, instances = 1, chunk size = 16M
2024-10-18  5:27:18 0 [Note] InnoDB: Completed initialization of buffer pool
2024-10-18  5:27:18 0 [Note] InnoDB: Starting crash recovery from checkpoint LSN=316565
2024-10-18  5:27:19 0 [Note] InnoDB: 128 out of 128 rollback segments are active.
2024-10-18  5:27:19 0 [Note] InnoDB: Removed temporary tablespace data file: "ibtmp1"
2024-10-18  5:27:19 0 [Note] InnoDB: Creating shared tablespace for temporary tables
2024-10-18  5:27:19 0 [Note] InnoDB: Setting file 'C:\xampp\mysql\data\ibtmp1' size to 12 MB. Physically writing the file full; Please wait ...
2024-10-18  5:27:19 0 [Note] InnoDB: File 'C:\xampp\mysql\data\ibtmp1' size is now 12 MB.
2024-10-18  5:27:19 0 [Note] InnoDB: Waiting for purge to start
2024-10-18  5:27:19 0 [Note] InnoDB: Waiting for purge to start
2024-10-18  5:27:19 0 [Note] InnoDB: Waiting for purge to start
2024-10-18  5:27:19 0 [Note] InnoDB: 10.4.32 started; log sequence number 316574; transaction id 230
2024-10-18  5:27:19 0 [Note] InnoDB: Loading buffer pool(s) from C:\xampp\mysql\data\ib_buffer_pool
2024-10-18  5:27:19 0 [Note] InnoDB: Buffer pool(s) load completed at 241018  5:27:19
2024-10-18  5:27:19 0 [Note] Plugin 'FEEDBACK' is disabled.
2024-10-18  5:27:19 0 [Note] Server socket created on IP: '::'.
2024-10-18 11:10:50 0 [Note] Starting MariaDB 10.4.32-MariaDB source revision c4143f909528e3fab0677a28631d10389354c491 as process 11556
2024-10-18 11:10:50 0 [Note] InnoDB: Mutexes and rw_locks use Windows interlocked functions
2024-10-18 11:10:50 0 [Note] InnoDB: Uses event mutexes
2024-10-18 11:10:50 0 [Note] InnoDB: Compressed tables use zlib 1.3
2024-10-18 11:10:50 0 [Note] InnoDB: Number of pools: 1
2024-10-18 11:10:50 0 [Note] InnoDB: Using SSE2 crc32 instructions
2024-10-18 11:10:50 0 [Note] InnoDB: Initializing buffer pool, total size = 16M, instances = 1, chunk size = 16M
2024-10-18 11:10:50 0 [Note] InnoDB: Completed initialization of buffer pool
2024-10-18 11:10:50 0 [Note] InnoDB: Starting crash recovery from checkpoint LSN=316909
2024-10-18 11:10:51 0 [Note] InnoDB: 128 out of 128 rollback segments are active.
2024-10-18 11:10:51 0 [Note] InnoDB: Removed temporary tablespace data file: "ibtmp1"
2024-10-18 11:10:51 0 [Note] InnoDB: Creating shared tablespace for temporary tables
2024-10-18 11:10:51 0 [Note] InnoDB: Setting file 'C:\xampp\mysql\data\ibtmp1' size to 12 MB. Physically writing the file full; Please wait ...
2024-10-18 11:10:51 0 [Note] InnoDB: File 'C:\xampp\mysql\data\ibtmp1' size is now 12 MB.
2024-10-18 11:10:51 0 [Note] InnoDB: Waiting for purge to start
2024-10-18 11:10:51 0 [Note] InnoDB: 10.4.32 started; log sequence number 316918; transaction id 235
2024-10-18 11:10:51 0 [Note] InnoDB: Loading buffer pool(s) from C:\xampp\mysql\data\ib_buffer_pool
2024-10-18 11:10:51 0 [Note] Plugin 'FEEDBACK' is disabled.
2024-10-18 11:10:51 0 [Note] InnoDB: Buffer pool(s) load completed at 241018 11:10:51
2024-10-18 11:10:51 0 [Note] Server socket created on IP: '::'.
2024-10-21 16:07:11 0 [Note] Starting MariaDB 10.4.32-MariaDB source revision c4143f909528e3fab0677a28631d10389354c491 as process 11340
2024-10-21 16:07:11 0 [Note] InnoDB: Mutexes and rw_locks use Windows interlocked functions
2024-10-21 16:07:11 0 [Note] InnoDB: Uses event mutexes
2024-10-21 16:07:11 0 [Note] InnoDB: Compressed tables use zlib 1.3
2024-10-21 16:07:11 0 [Note] InnoDB: Number of pools: 1
2024-10-21 16:07:11 0 [Note] InnoDB: Using SSE2 crc32 instructions
2024-10-21 16:07:11 0 [Note] InnoDB: Initializing buffer pool, total size = 16M, instances = 1, chunk size = 16M
2024-10-21 16:07:11 0 [Note] InnoDB: Completed initialization of buffer pool
2024-10-21 16:07:11 0 [Note] InnoDB: Starting crash recovery from checkpoint LSN=322134
2024-10-21 16:07:11 0 [Note] InnoDB: 128 out of 128 rollback segments are active.
2024-10-21 16:07:11 0 [Note] InnoDB: Removed temporary tablespace data file: "ibtmp1"
2024-10-21 16:07:11 0 [Note] InnoDB: Creating shared tablespace for temporary tables
2024-10-21 16:07:11 0 [Note] InnoDB: Setting file 'C:\xampp\mysql\data\ibtmp1' size to 12 MB. Physically writing the file full; Please wait ...
2024-10-21 16:07:11 0 [Note] InnoDB: File 'C:\xampp\mysql\data\ibtmp1' size is now 12 MB.
2024-10-21 16:07:11 0 [Note] InnoDB: Waiting for purge to start
2024-10-21 16:07:11 0 [Note] InnoDB: 10.4.32 started; log sequence number 322143; transaction id 259
2024-10-21 16:07:11 0 [Note] InnoDB: Loading buffer pool(s) from C:\xampp\mysql\data\ib_buffer_pool
2024-10-21 16:07:11 0 [Note] Plugin 'FEEDBACK' is disabled.
2024-10-21 16:07:11 0 [Note] InnoDB: Buffer pool(s) load completed at 241021 16:07:11
2024-10-21 16:07:11 0 [Note] Server socket created on IP: '::'.
2024-10-21 18:06:29 0 [Note] Starting MariaDB 10.4.32-MariaDB source revision c4143f909528e3fab0677a28631d10389354c491 as process 6620
2024-10-21 18:06:29 0 [Note] InnoDB: Mutexes and rw_locks use Windows interlocked functions
2024-10-21 18:06:29 0 [Note] InnoDB: Uses event mutexes
2024-10-21 18:06:29 0 [Note] InnoDB: Compressed tables use zlib 1.3
2024-10-21 18:06:29 0 [Note] InnoDB: Number of pools: 1
2024-10-21 18:06:29 0 [Note] InnoDB: Using SSE2 crc32 instructions
2024-10-21 18:06:29 0 [Note] InnoDB: Initializing buffer pool, total size = 16M, instances = 1, chunk size = 16M
2024-10-21 18:06:29 0 [Note] InnoDB: Completed initialization of buffer pool
2024-10-21 18:06:30 0 [Note] InnoDB: Starting crash recovery from checkpoint LSN=322453
2024-10-21 18:06:30 0 [Note] InnoDB: 128 out of 128 rollback segments are active.
2024-10-21 18:06:30 0 [Note] InnoDB: Removed temporary tablespace data file: "ibtmp1"
2024-10-21 18:06:30 0 [Note] InnoDB: Creating shared tablespace for temporary tables
2024-10-21 18:06:30 0 [Note] InnoDB: Setting file 'C:\xampp\mysql\data\ibtmp1' size to 12 MB. Physically writing the file full; Please wait ...
2024-10-21 18:06:30 0 [Note] InnoDB: File 'C:\xampp\mysql\data\ibtmp1' size is now 12 MB.
2024-10-21 18:06:30 0 [Note] InnoDB: Waiting for purge to start
2024-10-21 18:06:30 0 [Note] InnoDB: 10.4.32 started; log sequence number 322462; transaction id 282
2024-10-21 18:06:30 0 [Note] InnoDB: Loading buffer pool(s) from C:\xampp\mysql\data\ib_buffer_pool
2024-10-21 18:06:30 0 [Note] Plugin 'FEEDBACK' is disabled.
2024-10-21 18:06:30 0 [Note] InnoDB: Buffer pool(s) load completed at 241021 18:06:30
2024-10-21 18:06:30 0 [Note] Server socket created on IP: '::'.
2024-10-21 18:16:30 0 [Note] Starting MariaDB 10.4.32-MariaDB source revision c4143f909528e3fab0677a28631d10389354c491 as process 8704
2024-10-21 18:16:30 0 [Note] InnoDB: Mutexes and rw_locks use Windows interlocked functions
2024-10-21 18:16:30 0 [Note] InnoDB: Uses event mutexes
2024-10-21 18:16:30 0 [Note] InnoDB: Compressed tables use zlib 1.3
2024-10-21 18:16:30 0 [Note] InnoDB: Number of pools: 1
2024-10-21 18:16:30 0 [Note] InnoDB: Using SSE2 crc32 instructions
2024-10-21 18:16:30 0 [Note] InnoDB: Initializing buffer pool, total size = 16M, instances = 1, chunk size = 16M
2024-10-21 18:16:30 0 [Note] InnoDB: Completed initialization of buffer pool
2024-10-21 18:16:30 0 [Note] InnoDB: Starting crash recovery from checkpoint LSN=1124826
2024-10-21 18:16:30 0 [Note] InnoDB: 128 out of 128 rollback segments are active.
2024-10-21 18:16:30 0 [Note] InnoDB: Removed temporary tablespace data file: "ibtmp1"
2024-10-21 18:16:30 0 [Note] InnoDB: Creating shared tablespace for temporary tables
2024-10-21 18:16:30 0 [Note] InnoDB: Setting file 'C:\xampp\mysql\data\ibtmp1' size to 12 MB. Physically writing the file full; Please wait ...
2024-10-21 18:16:30 0 [Note] InnoDB: File 'C:\xampp\mysql\data\ibtmp1' size is now 12 MB.
2024-10-21 18:16:30 0 [Note] InnoDB: Waiting for purge to start
2024-10-21 18:16:30 0 [Note] InnoDB: 10.4.32 started; log sequence number 1124835; transaction id 874
2024-10-21 18:16:30 0 [Note] InnoDB: Loading buffer pool(s) from C:\xampp\mysql\data\ib_buffer_pool
2024-10-21 18:16:30 0 [Note] Plugin 'FEEDBACK' is disabled.
2024-10-21 18:16:30 0 [Note] InnoDB: Buffer pool(s) load completed at 241021 18:16:30
2024-10-21 18:16:30 0 [Note] Server socket created on IP: '::'.
2024-10-22 10:03:07 0 [Note] Starting MariaDB 10.4.32-MariaDB source revision c4143f909528e3fab0677a28631d10389354c491 as process 6652
2024-10-22 10:03:07 0 [Note] InnoDB: Mutexes and rw_locks use Windows interlocked functions
2024-10-22 10:03:07 0 [Note] InnoDB: Uses event mutexes
2024-10-22 10:03:07 0 [Note] InnoDB: Compressed tables use zlib 1.3
2024-10-22 10:03:07 0 [Note] InnoDB: Number of pools: 1
2024-10-22 10:03:07 0 [Note] InnoDB: Using SSE2 crc32 instructions
2024-10-22 10:03:07 0 [Note] InnoDB: Initializing buffer pool, total size = 16M, instances = 1, chunk size = 16M
2024-10-22 10:03:07 0 [Note] InnoDB: Completed initialization of buffer pool
2024-10-22 10:03:07 0 [Note] InnoDB: Starting crash recovery from checkpoint LSN=1148011
2024-10-22 10:03:07 0 [Note] InnoDB: 128 out of 128 rollback segments are active.
2024-10-22 10:03:07 0 [Note] InnoDB: Removed temporary tablespace data file: "ibtmp1"
2024-10-22 10:03:07 0 [Note] InnoDB: Creating shared tablespace for temporary tables
2024-10-22 10:03:07 0 [Note] InnoDB: Setting file 'C:\xampp\mysql\data\ibtmp1' size to 12 MB. Physically writing the file full; Please wait ...
2024-10-22 10:03:07 0 [Note] InnoDB: File 'C:\xampp\mysql\data\ibtmp1' size is now 12 MB.
2024-10-22 10:03:07 0 [Note] InnoDB: Waiting for purge to start
2024-10-22 10:03:07 0 [Note] InnoDB: 10.4.32 started; log sequence number 1148020; transaction id 907
2024-10-22 10:03:07 0 [Note] Plugin 'FEEDBACK' is disabled.
2024-10-22 10:03:07 0 [Note] InnoDB: Loading buffer pool(s) from C:\xampp\mysql\data\ib_buffer_pool
2024-10-22 10:03:07 0 [Note] InnoDB: Buffer pool(s) load completed at 241022 10:03:07
2024-10-22 10:03:07 0 [Note] Server socket created on IP: '::'.
2024-10-22 18:07:05 0 [Note] Starting MariaDB 10.4.32-MariaDB source revision c4143f909528e3fab0677a28631d10389354c491 as process 2208
2024-10-22 18:07:05 0 [Note] InnoDB: Mutexes and rw_locks use Windows interlocked functions
2024-10-22 18:07:05 0 [Note] InnoDB: Uses event mutexes
2024-10-22 18:07:05 0 [Note] InnoDB: Compressed tables use zlib 1.3
2024-10-22 18:07:05 0 [Note] InnoDB: Number of pools: 1
2024-10-22 18:07:05 0 [Note] InnoDB: Using SSE2 crc32 instructions
2024-10-22 18:07:05 0 [Note] InnoDB: Initializing buffer pool, total size = 16M, instances = 1, chunk size = 16M
2024-10-22 18:07:05 0 [Note] InnoDB: Completed initialization of buffer pool
2024-10-22 18:07:05 0 [Note] InnoDB: Starting crash recovery from checkpoint LSN=3394212
2024-10-22 18:07:06 0 [Note] InnoDB: 128 out of 128 rollback segments are active.
2024-10-22 18:07:06 0 [Note] InnoDB: Removed temporary tablespace data file: "ibtmp1"
2024-10-22 18:07:06 0 [Note] InnoDB: Creating shared tablespace for temporary tables
2024-10-22 18:07:06 0 [Note] InnoDB: Setting file 'C:\xampp\mysql\data\ibtmp1' size to 12 MB. Physically writing the file full; Please wait ...
2024-10-22 18:07:06 0 [Note] InnoDB: File 'C:\xampp\mysql\data\ibtmp1' size is now 12 MB.
2024-10-22 18:07:06 0 [Note] InnoDB: Waiting for purge to start
2024-10-22 18:07:06 0 [Note] InnoDB: 10.4.32 started; log sequence number 3394221; transaction id 2430
2024-10-22 18:07:06 0 [Note] InnoDB: Loading buffer pool(s) from C:\xampp\mysql\data\ib_buffer_pool
2024-10-22 18:07:06 0 [Note] Plugin 'FEEDBACK' is disabled.
2024-10-22 18:07:06 0 [Note] InnoDB: Buffer pool(s) load completed at 241022 18:07:06
2024-10-22 18:07:06 0 [Note] Server socket created on IP: '::'.
2024-10-23  7:37:42 0 [Note] Starting MariaDB 10.4.32-MariaDB source revision c4143f909528e3fab0677a28631d10389354c491 as process 8300
2024-10-23  7:37:42 0 [Note] InnoDB: Mutexes and rw_locks use Windows interlocked functions
2024-10-23  7:37:42 0 [Note] InnoDB: Uses event mutexes
2024-10-23  7:37:42 0 [Note] InnoDB: Compressed tables use zlib 1.3
2024-10-23  7:37:42 0 [Note] InnoDB: Number of pools: 1
2024-10-23  7:37:42 0 [Note] InnoDB: Using SSE2 crc32 instructions
2024-10-23  7:37:42 0 [Note] InnoDB: Initializing buffer pool, total size = 16M, instances = 1, chunk size = 16M
2024-10-23  7:37:42 0 [Note] InnoDB: Completed initialization of buffer pool
2024-10-23  7:37:42 0 [Note] InnoDB: Starting crash recovery from checkpoint LSN=3708249
2024-10-23  7:37:43 0 [Note] InnoDB: 128 out of 128 rollback segments are active.
2024-10-23  7:37:43 0 [Note] InnoDB: Removed temporary tablespace data file: "ibtmp1"
2024-10-23  7:37:43 0 [Note] InnoDB: Creating shared tablespace for temporary tables
2024-10-23  7:37:43 0 [Note] InnoDB: Setting file 'C:\xampp\mysql\data\ibtmp1' size to 12 MB. Physically writing the file full; Please wait ...
2024-10-23  7:37:43 0 [Note] InnoDB: File 'C:\xampp\mysql\data\ibtmp1' size is now 12 MB.
2024-10-23  7:37:43 0 [Note] InnoDB: Waiting for purge to start
2024-10-23  7:37:43 0 [Note] InnoDB: 10.4.32 started; log sequence number 3708258; transaction id 2997
2024-10-23  7:37:43 0 [Note] InnoDB: Loading buffer pool(s) from C:\xampp\mysql\data\ib_buffer_pool
2024-10-23  7:37:43 0 [Note] Plugin 'FEEDBACK' is disabled.
2024-10-23  7:37:43 0 [Note] InnoDB: Buffer pool(s) load completed at 241023  7:37:43
2024-10-23  7:37:43 0 [Note] Server socket created on IP: '::'.
2024-10-23 18:07:40 0 [Note] Starting MariaDB 10.4.32-MariaDB source revision c4143f909528e3fab0677a28631d10389354c491 as process 6208
2024-10-23 18:07:40 0 [Note] InnoDB: Mutexes and rw_locks use Windows interlocked functions
2024-10-23 18:07:40 0 [Note] InnoDB: Uses event mutexes
2024-10-23 18:07:40 0 [Note] InnoDB: Compressed tables use zlib 1.3
2024-10-23 18:07:40 0 [Note] InnoDB: Number of pools: 1
2024-10-23 18:07:40 0 [Note] InnoDB: Using SSE2 crc32 instructions
2024-10-23 18:07:40 0 [Note] InnoDB: Initializing buffer pool, total size = 16M, instances = 1, chunk size = 16M
2024-10-23 18:07:40 0 [Note] InnoDB: Completed initialization of buffer pool
2024-10-23 18:07:40 0 [Note] InnoDB: Starting crash recovery from checkpoint LSN=24491714
2024-10-23 18:07:41 0 [Note] InnoDB: 128 out of 128 rollback segments are active.
2024-10-23 18:07:41 0 [Note] InnoDB: Removed temporary tablespace data file: "ibtmp1"
2024-10-23 18:07:41 0 [Note] InnoDB: Creating shared tablespace for temporary tables
2024-10-23 18:07:41 0 [Note] InnoDB: Setting file 'C:\xampp\mysql\data\ibtmp1' size to 12 MB. Physically writing the file full; Please wait ...
2024-10-23 18:07:41 0 [Note] InnoDB: File 'C:\xampp\mysql\data\ibtmp1' size is now 12 MB.
2024-10-23 18:07:41 0 [Note] InnoDB: Waiting for purge to start
2024-10-23 18:07:41 0 [Note] InnoDB: 10.4.32 started; log sequence number 24491723; transaction id 11678
2024-10-23 18:07:41 0 [Note] InnoDB: Loading buffer pool(s) from C:\xampp\mysql\data\ib_buffer_pool
2024-10-23 18:07:41 0 [Note] Plugin 'FEEDBACK' is disabled.
2024-10-23 18:07:41 0 [Note] InnoDB: Buffer pool(s) load completed at 241023 18:07:41
2024-10-23 18:07:41 0 [Note] Server socket created on IP: '::'.
2024-10-24  7:56:59 0 [Note] Starting MariaDB 10.4.32-MariaDB source revision c4143f909528e3fab0677a28631d10389354c491 as process 5732
2024-10-24  7:56:59 0 [Note] InnoDB: Mutexes and rw_locks use Windows interlocked functions
2024-10-24  7:56:59 0 [Note] InnoDB: Uses event mutexes
2024-10-24  7:56:59 0 [Note] InnoDB: Compressed tables use zlib 1.3
2024-10-24  7:56:59 0 [Note] InnoDB: Number of pools: 1
2024-10-24  7:56:59 0 [Note] InnoDB: Using SSE2 crc32 instructions
2024-10-24  7:56:59 0 [Note] InnoDB: Initializing buffer pool, total size = 16M, instances = 1, chunk size = 16M
2024-10-24  7:56:59 0 [Note] InnoDB: Completed initialization of buffer pool
2024-10-24  7:56:59 0 [Note] InnoDB: Starting crash recovery from checkpoint LSN=66387901
2024-10-24  7:56:59 0 [Note] InnoDB: 128 out of 128 rollback segments are active.
2024-10-24  7:56:59 0 [Note] InnoDB: Removed temporary tablespace data file: "ibtmp1"
2024-10-24  7:56:59 0 [Note] InnoDB: Creating shared tablespace for temporary tables
2024-10-24  7:56:59 0 [Note] InnoDB: Setting file 'C:\xampp\mysql\data\ibtmp1' size to 12 MB. Physically writing the file full; Please wait ...
2024-10-24  7:56:59 0 [Note] InnoDB: File 'C:\xampp\mysql\data\ibtmp1' size is now 12 MB.
2024-10-24  7:56:59 0 [Note] InnoDB: Waiting for purge to start
2024-10-24  7:56:59 0 [Note] InnoDB: 10.4.32 started; log sequence number 66387910; transaction id 20020
2024-10-24  7:56:59 0 [Note] InnoDB: Loading buffer pool(s) from C:\xampp\mysql\data\ib_buffer_pool
2024-10-24  7:56:59 0 [Note] Plugin 'FEEDBACK' is disabled.
2024-10-24  7:56:59 0 [Note] InnoDB: Buffer pool(s) load completed at 241024  7:56:59
2024-10-24  7:56:59 0 [Note] Server socket created on IP: '::'.
2024-10-24 16:09:00 0 [Note] Starting MariaDB 10.4.32-MariaDB source revision c4143f909528e3fab0677a28631d10389354c491 as process 11640
2024-10-24 16:09:00 0 [Note] InnoDB: Mutexes and rw_locks use Windows interlocked functions
2024-10-24 16:09:00 0 [Note] InnoDB: Uses event mutexes
2024-10-24 16:09:00 0 [Note] InnoDB: Compressed tables use zlib 1.3
2024-10-24 16:09:00 0 [Note] InnoDB: Number of pools: 1
2024-10-24 16:09:00 0 [Note] InnoDB: Using SSE2 crc32 instructions
2024-10-24 16:09:00 0 [Note] InnoDB: Initializing buffer pool, total size = 16M, instances = 1, chunk size = 16M
2024-10-24 16:09:00 0 [Note] InnoDB: Completed initialization of buffer pool
2024-10-24 16:09:00 0 [Note] InnoDB: Starting crash recovery from checkpoint LSN=67589321
2024-10-24 16:09:00 0 [Note] InnoDB: 128 out of 128 rollback segments are active.
2024-10-24 16:09:00 0 [Note] InnoDB: Removed temporary tablespace data file: "ibtmp1"
2024-10-24 16:09:00 0 [Note] InnoDB: Creating shared tablespace for temporary tables
2024-10-24 16:09:00 0 [Note] InnoDB: Setting file 'C:\xampp\mysql\data\ibtmp1' size to 12 MB. Physically writing the file full; Please wait ...
2024-10-24 16:09:00 0 [Note] InnoDB: File 'C:\xampp\mysql\data\ibtmp1' size is now 12 MB.
2024-10-24 16:09:00 0 [Note] InnoDB: Waiting for purge to start
2024-10-24 16:09:00 0 [Note] InnoDB: 10.4.32 started; log sequence number 67589330; transaction id 20582
2024-10-24 16:09:00 0 [Note] InnoDB: Loading buffer pool(s) from C:\xampp\mysql\data\ib_buffer_pool
2024-10-24 16:09:00 0 [Note] Plugin 'FEEDBACK' is disabled.
2024-10-24 16:09:00 0 [Note] InnoDB: Buffer pool(s) load completed at 241024 16:09:00
2024-10-24 16:09:00 0 [Note] Server socket created on IP: '::'.
2024-10-24 19:24:05 0 [Note] Starting MariaDB 10.4.32-MariaDB source revision c4143f909528e3fab0677a28631d10389354c491 as process 7232
2024-10-24 19:24:05 0 [Note] InnoDB: Mutexes and rw_locks use Windows interlocked functions
2024-10-24 19:24:05 0 [Note] InnoDB: Uses event mutexes
2024-10-24 19:24:05 0 [Note] InnoDB: Compressed tables use zlib 1.3
2024-10-24 19:24:05 0 [Note] InnoDB: Number of pools: 1
2024-10-24 19:24:05 0 [Note] InnoDB: Using SSE2 crc32 instructions
2024-10-24 19:24:05 0 [Note] InnoDB: Initializing buffer pool, total size = 16M, instances = 1, chunk size = 16M
2024-10-24 19:24:05 0 [Note] InnoDB: Completed initialization of buffer pool
2024-10-24 19:24:05 0 [Note] InnoDB: Starting crash recovery from checkpoint LSN=67624126
2024-10-24 19:24:05 0 [Note] InnoDB: 128 out of 128 rollback segments are active.
2024-10-24 19:24:05 0 [Note] InnoDB: Removed temporary tablespace data file: "ibtmp1"
2024-10-24 19:24:05 0 [Note] InnoDB: Creating shared tablespace for temporary tables
2024-10-24 19:24:05 0 [Note] InnoDB: Setting file 'C:\xampp\mysql\data\ibtmp1' size to 12 MB. Physically writing the file full; Please wait ...
2024-10-24 19:24:05 0 [Note] InnoDB: File 'C:\xampp\mysql\data\ibtmp1' size is now 12 MB.
2024-10-24 19:24:05 0 [Note] InnoDB: Waiting for purge to start
2024-10-24 19:24:05 0 [Note] InnoDB: 10.4.32 started; log sequence number 67624135; transaction id 20715
2024-10-24 19:24:05 0 [Note] InnoDB: Loading buffer pool(s) from C:\xampp\mysql\data\ib_buffer_pool
2024-10-24 19:24:05 0 [Note] Plugin 'FEEDBACK' is disabled.
2024-10-24 19:24:05 0 [Note] InnoDB: Buffer pool(s) load completed at 241024 19:24:05
2024-10-24 19:24:05 0 [Note] Server socket created on IP: '::'.
2024-10-25 14:21:23 0 [Note] Starting MariaDB 10.4.32-MariaDB source revision c4143f909528e3fab0677a28631d10389354c491 as process 4164
2024-10-25 14:21:23 0 [Note] InnoDB: Mutexes and rw_locks use Windows interlocked functions
2024-10-25 14:21:23 0 [Note] InnoDB: Uses event mutexes
2024-10-25 14:21:23 0 [Note] InnoDB: Compressed tables use zlib 1.3
2024-10-25 14:21:23 0 [Note] InnoDB: Number of pools: 1
2024-10-25 14:21:23 0 [Note] InnoDB: Using SSE2 crc32 instructions
2024-10-25 14:21:23 0 [Note] InnoDB: Initializing buffer pool, total size = 16M, instances = 1, chunk size = 16M
2024-10-25 14:21:23 0 [Note] InnoDB: Completed initialization of buffer pool
2024-10-25 14:21:23 0 [Note] InnoDB: Starting crash recovery from checkpoint LSN=71558087
2024-10-25 14:21:23 0 [Note] InnoDB: 128 out of 128 rollback segments are active.
2024-10-25 14:21:23 0 [Note] InnoDB: Removed temporary tablespace data file: "ibtmp1"
2024-10-25 14:21:23 0 [Note] InnoDB: Creating shared tablespace for temporary tables
2024-10-25 14:21:23 0 [Note] InnoDB: Setting file 'C:\xampp\mysql\data\ibtmp1' size to 12 MB. Physically writing the file full; Please wait ...
2024-10-25 14:21:23 0 [Note] InnoDB: File 'C:\xampp\mysql\data\ibtmp1' size is now 12 MB.
2024-10-25 14:21:23 0 [Note] InnoDB: Waiting for purge to start
2024-10-25 14:21:23 0 [Note] InnoDB: 10.4.32 started; log sequence number 71558096; transaction id 21716
2024-10-25 14:21:23 0 [Note] InnoDB: Loading buffer pool(s) from C:\xampp\mysql\data\ib_buffer_pool
2024-10-25 14:21:23 0 [Note] Plugin 'FEEDBACK' is disabled.
2024-10-25 14:21:23 0 [Note] InnoDB: Buffer pool(s) load completed at 241025 14:21:23
2024-10-25 14:21:23 0 [Note] Server socket created on IP: '::'.
2024-10-26  2:18:19 0 [Note] Starting MariaDB 10.4.32-MariaDB source revision c4143f909528e3fab0677a28631d10389354c491 as process 13252
2024-10-26  2:18:19 0 [Note] InnoDB: Mutexes and rw_locks use Windows interlocked functions
2024-10-26  2:18:19 0 [Note] InnoDB: Uses event mutexes
2024-10-26  2:18:19 0 [Note] InnoDB: Compressed tables use zlib 1.3
2024-10-26  2:18:19 0 [Note] InnoDB: Number of pools: 1
2024-10-26  2:18:19 0 [Note] InnoDB: Using SSE2 crc32 instructions
2024-10-26  2:18:19 0 [Note] InnoDB: Initializing buffer pool, total size = 16M, instances = 1, chunk size = 16M
2024-10-26  2:18:19 0 [Note] InnoDB: Completed initialization of buffer pool
2024-10-26  2:18:20 0 [Note] InnoDB: Starting crash recovery from checkpoint LSN=72688851
2024-10-26  2:18:20 0 [Note] InnoDB: 128 out of 128 rollback segments are active.
2024-10-26  2:18:20 0 [Note] InnoDB: Removed temporary tablespace data file: "ibtmp1"
2024-10-26  2:18:20 0 [Note] InnoDB: Creating shared tablespace for temporary tables
2024-10-26  2:18:20 0 [Note] InnoDB: Setting file 'C:\xampp\mysql\data\ibtmp1' size to 12 MB. Physically writing the file full; Please wait ...
2024-10-26  2:18:20 0 [Note] InnoDB: File 'C:\xampp\mysql\data\ibtmp1' size is now 12 MB.
2024-10-26  2:18:20 0 [Note] InnoDB: Waiting for purge to start
2024-10-26  2:18:20 0 [Note] InnoDB: 10.4.32 started; log sequence number 72688860; transaction id 22135
2024-10-26  2:18:20 0 [Note] InnoDB: Loading buffer pool(s) from C:\xampp\mysql\data\ib_buffer_pool
2024-10-26  2:18:20 0 [Note] Plugin 'FEEDBACK' is disabled.
2024-10-26  2:18:20 0 [Note] InnoDB: Buffer pool(s) load completed at 241026  2:18:20
2024-10-26  2:18:20 0 [Note] Server socket created on IP: '::'.
2024-10-26 17:34:29 0 [Note] Starting MariaDB 10.4.32-MariaDB source revision c4143f909528e3fab0677a28631d10389354c491 as process 10856
2024-10-26 17:34:29 0 [Note] InnoDB: Mutexes and rw_locks use Windows interlocked functions
2024-10-26 17:34:29 0 [Note] InnoDB: Uses event mutexes
2024-10-26 17:34:29 0 [Note] InnoDB: Compressed tables use zlib 1.3
2024-10-26 17:34:29 0 [Note] InnoDB: Number of pools: 1
2024-10-26 17:34:29 0 [Note] InnoDB: Using SSE2 crc32 instructions
2024-10-26 17:34:30 0 [Note] InnoDB: Initializing buffer pool, total size = 16M, instances = 1, chunk size = 16M
2024-10-26 17:34:30 0 [Note] InnoDB: Completed initialization of buffer pool
2024-10-26 17:34:30 0 [Note] InnoDB: Starting crash recovery from checkpoint LSN=72693603
2024-10-26 17:34:30 0 [Note] InnoDB: 128 out of 128 rollback segments are active.
2024-10-26 17:34:30 0 [Note] InnoDB: Removed temporary tablespace data file: "ibtmp1"
2024-10-26 17:34:30 0 [Note] InnoDB: Creating shared tablespace for temporary tables
2024-10-26 17:34:30 0 [Note] InnoDB: Setting file 'C:\xampp\mysql\data\ibtmp1' size to 12 MB. Physically writing the file full; Please wait ...
2024-10-26 17:34:30 0 [Note] InnoDB: File 'C:\xampp\mysql\data\ibtmp1' size is now 12 MB.
2024-10-26 17:34:30 0 [Note] InnoDB: Waiting for purge to start
2024-10-26 17:34:30 0 [Note] InnoDB: 10.4.32 started; log sequence number 72693612; transaction id 22154
2024-10-26 17:34:30 0 [Note] InnoDB: Loading buffer pool(s) from C:\xampp\mysql\data\ib_buffer_pool
2024-10-26 17:34:30 0 [Note] Plugin 'FEEDBACK' is disabled.
2024-10-26 17:34:30 0 [Note] InnoDB: Buffer pool(s) load completed at 241026 17:34:30
2024-10-26 17:34:30 0 [Note] Server socket created on IP: '::'.
2024-10-27  8:28:36 0 [Note] Starting MariaDB 10.4.32-MariaDB source revision c4143f909528e3fab0677a28631d10389354c491 as process 5116
2024-10-27  8:28:36 0 [Note] InnoDB: Mutexes and rw_locks use Windows interlocked functions
2024-10-27  8:28:36 0 [Note] InnoDB: Uses event mutexes
2024-10-27  8:28:36 0 [Note] InnoDB: Compressed tables use zlib 1.3
2024-10-27  8:28:36 0 [Note] InnoDB: Number of pools: 1
2024-10-27  8:28:36 0 [Note] InnoDB: Using SSE2 crc32 instructions
2024-10-27  8:28:36 0 [Note] InnoDB: Initializing buffer pool, total size = 16M, instances = 1, chunk size = 16M
2024-10-27  8:28:36 0 [Note] InnoDB: Completed initialization of buffer pool
2024-10-27  8:28:36 0 [Note] InnoDB: Starting crash recovery from checkpoint LSN=84805032
2024-10-27  8:28:37 0 [Note] InnoDB: 128 out of 128 rollback segments are active.
2024-10-27  8:28:37 0 [Note] InnoDB: Removed temporary tablespace data file: "ibtmp1"
2024-10-27  8:28:37 0 [Note] InnoDB: Creating shared tablespace for temporary tables
2024-10-27  8:28:37 0 [Note] InnoDB: Setting file 'C:\xampp\mysql\data\ibtmp1' size to 12 MB. Physically writing the file full; Please wait ...
2024-10-27  8:28:37 0 [Note] InnoDB: File 'C:\xampp\mysql\data\ibtmp1' size is now 12 MB.
2024-10-27  8:28:37 0 [Note] InnoDB: Waiting for purge to start
2024-10-27  8:28:37 0 [Note] InnoDB: 10.4.32 started; log sequence number 84805041; transaction id 27711
2024-10-27  8:28:37 0 [Note] InnoDB: Loading buffer pool(s) from C:\xampp\mysql\data\ib_buffer_pool
2024-10-27  8:28:37 0 [Note] Plugin 'FEEDBACK' is disabled.
2024-10-27  8:28:37 0 [Note] InnoDB: Buffer pool(s) load completed at 241027  8:28:37
2024-10-27  8:28:37 0 [Note] Server socket created on IP: '::'.
2024-10-28  8:21:36 0 [Note] Starting MariaDB 10.4.32-MariaDB source revision c4143f909528e3fab0677a28631d10389354c491 as process 10456
2024-10-28  8:21:36 0 [Note] InnoDB: Mutexes and rw_locks use Windows interlocked functions
2024-10-28  8:21:36 0 [Note] InnoDB: Uses event mutexes
2024-10-28  8:21:36 0 [Note] InnoDB: Compressed tables use zlib 1.3
2024-10-28  8:21:36 0 [Note] InnoDB: Number of pools: 1
2024-10-28  8:21:36 0 [Note] InnoDB: Using SSE2 crc32 instructions
2024-10-28  8:21:36 0 [Note] InnoDB: Initializing buffer pool, total size = 16M, instances = 1, chunk size = 16M
2024-10-28  8:21:36 0 [Note] InnoDB: Completed initialization of buffer pool
2024-10-28  8:21:36 0 [Note] InnoDB: Starting crash recovery from checkpoint LSN=101003058
2024-10-28  8:21:37 0 [Note] InnoDB: 128 out of 128 rollback segments are active.
2024-10-28  8:21:37 0 [Note] InnoDB: Removed temporary tablespace data file: "ibtmp1"
2024-10-28  8:21:37 0 [Note] InnoDB: Creating shared tablespace for temporary tables
2024-10-28  8:21:37 0 [Note] InnoDB: Setting file 'C:\xampp\mysql\data\ibtmp1' size to 12 MB. Physically writing the file full; Please wait ...
2024-10-28  8:21:37 0 [Note] InnoDB: File 'C:\xampp\mysql\data\ibtmp1' size is now 12 MB.
2024-10-28  8:21:37 0 [Note] InnoDB: Waiting for purge to start
2024-10-28  8:21:37 0 [Note] InnoDB: 10.4.32 started; log sequence number 101003067; transaction id 31421
2024-10-28  8:21:37 0 [Note] InnoDB: Loading buffer pool(s) from C:\xampp\mysql\data\ib_buffer_pool
2024-10-28  8:21:37 0 [Note] Plugin 'FEEDBACK' is disabled.
2024-10-28  8:21:37 0 [Note] InnoDB: Buffer pool(s) load completed at 241028  8:21:37
2024-10-28  8:21:37 0 [Note] Server socket created on IP: '::'.
2024-10-28 17:02:28 0 [Note] Starting MariaDB 10.4.32-MariaDB source revision c4143f909528e3fab0677a28631d10389354c491 as process 13148
2024-10-28 17:02:29 0 [Note] InnoDB: Mutexes and rw_locks use Windows interlocked functions
2024-10-28 17:02:29 0 [Note] InnoDB: Uses event mutexes
2024-10-28 17:02:29 0 [Note] InnoDB: Compressed tables use zlib 1.3
2024-10-28 17:02:29 0 [Note] InnoDB: Number of pools: 1
2024-10-28 17:02:29 0 [Note] InnoDB: Using SSE2 crc32 instructions
2024-10-28 17:02:29 0 [Note] InnoDB: Initializing buffer pool, total size = 16M, instances = 1, chunk size = 16M
2024-10-28 17:02:29 0 [Note] InnoDB: Completed initialization of buffer pool
2024-10-28 17:02:29 0 [Note] InnoDB: Starting crash recovery from checkpoint LSN=102224023
2024-10-28 17:02:31 0 [Note] InnoDB: 128 out of 128 rollback segments are active.
2024-10-28 17:02:31 0 [Note] InnoDB: Removed temporary tablespace data file: "ibtmp1"
2024-10-28 17:02:31 0 [Note] InnoDB: Creating shared tablespace for temporary tables
2024-10-28 17:02:31 0 [Note] InnoDB: Setting file 'C:\xampp\mysql\data\ibtmp1' size to 12 MB. Physically writing the file full; Please wait ...
2024-10-28 17:02:31 0 [Note] InnoDB: File 'C:\xampp\mysql\data\ibtmp1' size is now 12 MB.
2024-10-28 17:02:31 0 [Note] InnoDB: Waiting for purge to start
2024-10-28 17:02:31 0 [Note] InnoDB: Waiting for purge to start
2024-10-28 17:02:31 0 [Note] InnoDB: 10.4.32 started; log sequence number 102224032; transaction id 33139
2024-10-28 17:02:31 0 [Note] InnoDB: Loading buffer pool(s) from C:\xampp\mysql\data\ib_buffer_pool
2024-10-28 17:02:31 0 [Note] InnoDB: Buffer pool(s) load completed at 241028 17:02:31
2024-10-28 17:02:31 0 [Note] Plugin 'FEEDBACK' is disabled.
2024-10-28 17:02:31 0 [Note] Server socket created on IP: '::'.
2024-10-29  7:38:26 0 [Note] Starting MariaDB 10.4.32-MariaDB source revision c4143f909528e3fab0677a28631d10389354c491 as process 2716
2024-10-29  7:38:26 0 [Note] InnoDB: Mutexes and rw_locks use Windows interlocked functions
2024-10-29  7:38:26 0 [Note] InnoDB: Uses event mutexes
2024-10-29  7:38:26 0 [Note] InnoDB: Compressed tables use zlib 1.3
2024-10-29  7:38:26 0 [Note] InnoDB: Number of pools: 1
2024-10-29  7:38:26 0 [Note] InnoDB: Using SSE2 crc32 instructions
2024-10-29  7:38:26 0 [Note] InnoDB: Initializing buffer pool, total size = 16M, instances = 1, chunk size = 16M
2024-10-29  7:38:26 0 [Note] InnoDB: Completed initialization of buffer pool
2024-10-29  7:38:26 0 [Note] InnoDB: Starting crash recovery from checkpoint LSN=102598914
2024-10-29  7:38:27 0 [Note] InnoDB: 128 out of 128 rollback segments are active.
2024-10-29  7:38:27 0 [Note] InnoDB: Removed temporary tablespace data file: "ibtmp1"
2024-10-29  7:38:27 0 [Note] InnoDB: Creating shared tablespace for temporary tables
2024-10-29  7:38:27 0 [Note] InnoDB: Setting file 'C:\xampp\mysql\data\ibtmp1' size to 12 MB. Physically writing the file full; Please wait ...
2024-10-29  7:38:27 0 [Note] InnoDB: File 'C:\xampp\mysql\data\ibtmp1' size is now 12 MB.
2024-10-29  7:38:27 0 [Note] InnoDB: Waiting for purge to start
2024-10-29  7:38:27 0 [Note] InnoDB: 10.4.32 started; log sequence number 102598923; transaction id 33695
2024-10-29  7:38:27 0 [Note] InnoDB: Loading buffer pool(s) from C:\xampp\mysql\data\ib_buffer_pool
2024-10-29  7:38:27 0 [Note] Plugin 'FEEDBACK' is disabled.
2024-10-29  7:38:27 0 [Note] InnoDB: Buffer pool(s) load completed at 241029  7:38:27
2024-10-29  7:38:27 0 [Note] Server socket created on IP: '::'.
2024-10-29 18:13:20 0 [Note] Starting MariaDB 10.4.32-MariaDB source revision c4143f909528e3fab0677a28631d10389354c491 as process 12720
2024-10-29 18:13:20 0 [Note] InnoDB: Mutexes and rw_locks use Windows interlocked functions
2024-10-29 18:13:20 0 [Note] InnoDB: Uses event mutexes
2024-10-29 18:13:20 0 [Note] InnoDB: Compressed tables use zlib 1.3
2024-10-29 18:13:20 0 [Note] InnoDB: Number of pools: 1
2024-10-29 18:13:20 0 [Note] InnoDB: Using SSE2 crc32 instructions
2024-10-29 18:13:20 0 [Note] InnoDB: Initializing buffer pool, total size = 16M, instances = 1, chunk size = 16M
2024-10-29 18:13:20 0 [Note] InnoDB: Completed initialization of buffer pool
2024-10-29 18:13:20 0 [Note] InnoDB: Starting crash recovery from checkpoint LSN=103838853
2024-10-29 18:13:21 0 [Note] InnoDB: 128 out of 128 rollback segments are active.
2024-10-29 18:13:21 0 [Note] InnoDB: Removed temporary tablespace data file: "ibtmp1"
2024-10-29 18:13:21 0 [Note] InnoDB: Creating shared tablespace for temporary tables
2024-10-29 18:13:21 0 [Note] InnoDB: Setting file 'C:\xampp\mysql\data\ibtmp1' size to 12 MB. Physically writing the file full; Please wait ...
2024-10-29 18:13:21 0 [Note] InnoDB: File 'C:\xampp\mysql\data\ibtmp1' size is now 12 MB.
2024-10-29 18:13:21 0 [Note] InnoDB: Waiting for purge to start
2024-10-29 18:13:21 0 [Note] InnoDB: 10.4.32 started; log sequence number 103838862; transaction id 34426
2024-10-29 18:13:21 0 [Note] InnoDB: Loading buffer pool(s) from C:\xampp\mysql\data\ib_buffer_pool
2024-10-29 18:13:21 0 [Note] Plugin 'FEEDBACK' is disabled.
2024-10-29 18:13:21 0 [Note] InnoDB: Buffer pool(s) load completed at 241029 18:13:21
2024-10-29 18:13:21 0 [Note] Server socket created on IP: '::'.
2024-10-30  7:36:12 0 [Note] Starting MariaDB 10.4.32-MariaDB source revision c4143f909528e3fab0677a28631d10389354c491 as process 3108
2024-10-30  7:36:12 0 [Note] InnoDB: Mutexes and rw_locks use Windows interlocked functions
2024-10-30  7:36:12 0 [Note] InnoDB: Uses event mutexes
2024-10-30  7:36:12 0 [Note] InnoDB: Compressed tables use zlib 1.3
2024-10-30  7:36:12 0 [Note] InnoDB: Number of pools: 1
2024-10-30  7:36:12 0 [Note] InnoDB: Using SSE2 crc32 instructions
2024-10-30  7:36:12 0 [Note] InnoDB: Initializing buffer pool, total size = 16M, instances = 1, chunk size = 16M
2024-10-30  7:36:12 0 [Note] InnoDB: Completed initialization of buffer pool
2024-10-30  7:36:13 0 [Note] InnoDB: Starting crash recovery from checkpoint LSN=104384178
2024-10-30  7:36:13 0 [Note] InnoDB: 128 out of 128 rollback segments are active.
2024-10-30  7:36:13 0 [Note] InnoDB: Removed temporary tablespace data file: "ibtmp1"
2024-10-30  7:36:13 0 [Note] InnoDB: Creating shared tablespace for temporary tables
2024-10-30  7:36:13 0 [Note] InnoDB: Setting file 'C:\xampp\mysql\data\ibtmp1' size to 12 MB. Physically writing the file full; Please wait ...
2024-10-30  7:36:13 0 [Note] InnoDB: File 'C:\xampp\mysql\data\ibtmp1' size is now 12 MB.
2024-10-30  7:36:13 0 [Note] InnoDB: Waiting for purge to start
2024-10-30  7:36:13 0 [Note] InnoDB: 10.4.32 started; log sequence number 104384187; transaction id 35041
2024-10-30  7:36:13 0 [Note] InnoDB: Loading buffer pool(s) from C:\xampp\mysql\data\ib_buffer_pool
2024-10-30  7:36:13 0 [Note] Plugin 'FEEDBACK' is disabled.
2024-10-30  7:36:13 0 [Note] InnoDB: Buffer pool(s) load completed at 241030  7:36:13
2024-10-30  7:36:13 0 [Note] Server socket created on IP: '::'.
